2013-08-28T12:54:07.127Z <log> log.js:12 (Function.Logg.log) sqlselect a.article_title as title, a.article_content as content, date_format(a.article_date+'', '%Y-%m-NaN %H:%m:%S') as date, a.id as id, a.article_access as access, t.tag_Name as tag, d.admin_Name as name from bzm_article a, bzm_tag t, bzm_admin d where a.article_TagId=t.id and a.article_AdminId=d.id order by date desc limit 0, 1
2013-08-28T12:54:07.138Z <log> log.js:12 (Function.Logg.log) articles[object Object]
2013-08-28T12:58:50.334Z <log> log.js:12 (Function.Logg.log) sqlselect a.article_title as title, a.article_content as content, date_format(a.article_date+'', '%Y-%m-NaN %H:%m:%S') as date, a.id as id, a.article_access as access, t.tag_Name as tag, d.admin_Name as name from bzm_article a, bzm_tag t, bzm_admin d where a.article_TagId=t.id and a.article_AdminId=d.id order by date desc limit 0, 1
2013-08-28T12:58:50.337Z <log> log.js:12 (Function.Logg.log) articles[object Object]
2013-08-28T12:59:20.652Z <log> log.js:12 (Function.Logg.log) sqlselect a.article_title as title, a.article_content as content, date_format(a.article_date+'', '%Y-%m-NaN %H:%m:%S') as date, a.id as id, a.article_access as access, t.tag_Name as tag, d.admin_Name as name from bzm_article a, bzm_tag t, bzm_admin d where a.article_TagId=t.id and a.article_AdminId=d.id order by date desc limit 0, 1
2013-08-28T12:59:20.657Z <log> log.js:12 (Function.Logg.log) articles[object Object]
2013-08-28T12:59:23.147Z <log> log.js:12 (Function.Logg.log) sqlselect a.article_title as title, a.article_content as content, date_format(a.article_date+'', '%Y-%m-NaN %H:%m:%S') as date, a.id as id, a.article_access as access, t.tag_Name as tag, d.admin_Name as name from bzm_article a, bzm_tag t, bzm_admin d where a.article_TagId=t.id and a.article_AdminId=d.id order by date desc limit 0, 1
2013-08-28T12:59:23.153Z <log> log.js:12 (Function.Logg.log) articles[object Object]
2013-08-28T12:59:31.793Z <log> log.js:12 (Function.Logg.log) sqlselect a.article_title as title, a.article_content as content, date_format(a.article_date+'', '%Y-%m-NaN %H:%m:%S') as date, a.id as id, a.article_access as access, t.tag_Name as tag, d.admin_Name as name from bzm_article a, bzm_tag t, bzm_admin d where a.article_TagId=t.id and a.article_AdminId=d.id order by date desc limit 0, 1
2013-08-28T12:59:31.795Z <log> log.js:12 (Function.Logg.log) articles[object Object]
2013-08-28T13:00:23.845Z <log> log.js:12 (Function.Logg.log) sqlselect a.article_title as title, a.article_content as content, date_format(a.article_date+'', '%Y-%m-NaN %H:%m:%S') as date, a.id as id, a.article_access as access, t.tag_Name as tag, d.admin_Name as name from bzm_article a, bzm_tag t, bzm_admin d where a.article_TagId=t.id and a.article_AdminId=d.id order by date desc limit 0, 1
2013-08-28T13:00:23.853Z <log> log.js:12 (Function.Logg.log) articles[object Object]
2013-08-28T13:00:46.905Z <log> log.js:12 (Function.Logg.log) sqlselect a.article_title as title, a.article_content as content, date_format(a.article_date+'', '%Y-%m-NaN %H:%m:%S') as date, a.id as id, a.article_access as access, t.tag_Name as tag, d.admin_Name as name from bzm_article a, bzm_tag t, bzm_admin d where a.article_TagId=t.id and a.article_AdminId=d.id order by date desc limit 0, 1
2013-08-28T13:00:46.907Z <log> log.js:12 (Function.Logg.log) articles[object Object]
2013-08-28T13:01:22.895Z <log> log.js:12 (Function.Logg.log) sqlselect a.article_title as title, a.article_content as content, date_format(a.article_date+'', '%Y-%m-NaN %H:%m:%S') as date, a.id as id, a.article_access as access, t.tag_Name as tag, d.admin_Name as name from bzm_article a, bzm_tag t, bzm_admin d where a.article_TagId=t.id and a.article_AdminId=d.id order by date desc limit 0, 1
2013-08-28T13:01:22.900Z <log> log.js:12 (Function.Logg.log) articles[object Object]
2013-08-28T13:02:16.874Z <log> log.js:12 (Function.Logg.log) sqlselect a.article_title as title, a.article_content as content, date_format(a.article_date+'', '%Y-%m-NaN %H:%m:%S') as date, a.id as id, a.article_access as access, t.tag_Name as tag, d.admin_Name as name from bzm_article a, bzm_tag t, bzm_admin d where a.article_TagId=t.id and a.article_AdminId=d.id order by date desc limit 0, 1
2013-08-28T13:02:16.877Z <log> log.js:12 (Function.Logg.log) articles[object Object]
2013-08-28T13:04:25.844Z <log> log.js:12 (Function.Logg.log) sqlselect a.article_title as title, a.article_content as content, date_format(a.article_date+'', '%Y-%m-NaN %H:%m:%S') as date, a.id as id, a.article_access as access, t.tag_Name as tag, d.admin_Name as name from bzm_article a, bzm_tag t, bzm_admin d where a.article_TagId=t.id and a.article_AdminId=d.id order by date desc limit 0, 1
2013-08-28T13:04:25.848Z <log> log.js:12 (Function.Logg.log) articles[object Object]
2013-08-28T13:06:06.700Z <log> log.js:12 (Function.Logg.log) sqlselect a.article_title as title, a.article_content as content, date_format(a.article_date+'', '%Y-%m-NaN %H:%m:%S') as date, a.id as id, a.article_access as access, t.tag_Name as tag, d.admin_Name as name from bzm_article a, bzm_tag t, bzm_admin d where a.article_TagId=t.id and a.article_AdminId=d.id order by date desc limit 0, 1
2013-08-28T13:06:06.704Z <log> log.js:12 (Function.Logg.log) articles[object Object]
2013-08-28T13:11:52.449Z <log> log.js:12 (Function.Logg.log) sqlselect a.article_title as title, a.article_content as content, date_format(a.article_date+'', '%Y-%m-NaN %H:%m:%S') as date, a.id as id, a.article_access as access, t.tag_Name as tag, d.admin_Name as name from bzm_article a, bzm_tag t, bzm_admin d where a.article_TagId=t.id and a.article_AdminId=d.id order by date desc limit 0, 1
2013-08-28T13:11:52.458Z <log> log.js:12 (Function.Logg.log) articles[object Object]
2013-08-28T13:11:57.367Z <log> log.js:12 (Function.Logg.log) sqlselect a.article_title as title, a.article_content as content, date_format(a.article_date+'', '%Y-%m-NaN %H:%m:%S') as date, a.id as id, a.article_access as access, t.tag_Name as tag, d.admin_Name as name from bzm_article a, bzm_tag t, bzm_admin d where a.article_TagId=t.id and a.article_AdminId=d.id order by date desc limit 0, 1
2013-08-28T13:11:57.374Z <log> log.js:12 (Function.Logg.log) articles[object Object]
2013-08-28T13:15:49.532Z <log> log.js:12 (Function.Logg.log) sqlselect a.article_title as title, a.article_content as content, date_format(a.article_date+'', '%Y-%m-NaN %H:%m:%S') as date, a.id as id, a.article_access as access, t.tag_Name as tag, d.admin_Name as name from bzm_article a, bzm_tag t, bzm_admin d where a.article_TagId=t.id and a.article_AdminId=d.id order by date desc limit 0, 1
2013-08-28T13:15:49.535Z <log> log.js:12 (Function.Logg.log) articles[object Object]
2013-08-28T13:20:56.214Z <log> log.js:12 (Function.Logg.log) sqlselect a.article_title as title, a.article_content as content, date_format(a.article_date+'', '%Y-%m-NaN %H:%m:%S') as date, a.id as id, a.article_access as access, t.tag_Name as tag, d.admin_Name as name from bzm_article a, bzm_tag t, bzm_admin d where a.article_TagId=t.id and a.article_AdminId=d.id order by date desc limit 0, 1
2013-08-28T13:20:56.216Z <log> log.js:12 (Function.Logg.log) articles[object Object]
2013-08-28T13:21:23.497Z <log> log.js:12 (Function.Logg.log) sqlselect a.article_title as title, a.article_content as content, date_format(a.article_date+'', '%Y-%m-NaN %H:%m:%S') as date, a.id as id, a.article_access as access, t.tag_Name as tag, d.admin_Name as name from bzm_article a, bzm_tag t, bzm_admin d where a.article_TagId=t.id and a.article_AdminId=d.id order by date desc limit 0, 1
2013-08-28T13:21:23.498Z <log> log.js:12 (Function.Logg.log) articles[object Object]
2013-08-28T13:22:06.425Z <log> log.js:12 (Function.Logg.log) sqlselect a.article_title as title, a.article_content as content, date_format(a.article_date+'', '%Y-%m-NaN %H:%m:%S') as date, a.id as id, a.article_access as access, t.tag_Name as tag, d.admin_Name as name from bzm_article a, bzm_tag t, bzm_admin d where a.article_TagId=t.id and a.article_AdminId=d.id order by date desc limit 0, 1
2013-08-28T13:22:06.428Z <log> log.js:12 (Function.Logg.log) articles[object Object]
2013-08-28T13:22:26.010Z <log> log.js:12 (Function.Logg.log) sqlselect a.article_title as title, a.article_content as content, date_format(a.article_date+'', '%Y-%m-NaN %H:%m:%S') as date, a.id as id, a.article_access as access, t.tag_Name as tag, d.admin_Name as name from bzm_article a, bzm_tag t, bzm_admin d where a.article_TagId=t.id and a.article_AdminId=d.id order by date desc limit 0, 1
2013-08-28T13:22:26.014Z <log> log.js:12 (Function.Logg.log) articles[object Object]
2013-08-28T13:28:43.245Z <log> log.js:12 (Function.Logg.log) sqlselect a.article_title as title, a.article_content as content, date_format(a.article_date+'', '%Y-%m-NaN %H:%m:%S') as date, a.id as id, a.article_access as access, t.tag_Name as tag, d.admin_Name as name from bzm_article a, bzm_tag t, bzm_admin d where a.article_TagId=t.id and a.article_AdminId=d.id order by date desc limit 0, 1
2013-08-28T13:28:43.248Z <log> log.js:12 (Function.Logg.log) articles[object Object]
2013-08-28T13:28:58.867Z <log> log.js:12 (Function.Logg.log) sqlselect a.article_title as title, a.article_content as content, date_format(a.article_date+'', '%Y-%m-NaN %H:%m:%S') as date, a.id as id, a.article_access as access, t.tag_Name as tag, d.admin_Name as name from bzm_article a, bzm_tag t, bzm_admin d where a.article_TagId=t.id and a.article_AdminId=d.id order by date desc limit 0, 1
2013-08-28T13:28:58.873Z <log> log.js:12 (Function.Logg.log) articles[object Object]
2013-08-28T13:31:01.203Z <log> log.js:12 (Function.Logg.log) sqlselect a.article_title as title, a.article_content as content, date_format(a.article_date+'', '%Y-%m-NaN %H:%m:%S') as date, a.id as id, a.article_access as access, t.tag_Name as tag, d.admin_Name as name from bzm_article a, bzm_tag t, bzm_admin d where a.article_TagId=t.id and a.article_AdminId=d.id order by date desc limit 0, 1
2013-08-28T13:31:01.206Z <log> log.js:12 (Function.Logg.log) articles[object Object]
2013-08-28T13:31:11.748Z <log> log.js:12 (Function.Logg.log) sqlselect a.article_title as title, a.article_content as content, date_format(a.article_date+'', '%Y-%m-NaN %H:%m:%S') as date, a.id as id, a.article_access as access, t.tag_Name as tag, d.admin_Name as name from bzm_article a, bzm_tag t, bzm_admin d where a.article_TagId=t.id and a.article_AdminId=d.id order by date desc limit 0, 1
2013-08-28T13:31:11.756Z <log> log.js:12 (Function.Logg.log) articles[object Object]
2013-08-28T13:32:08.937Z <log> log.js:12 (Function.Logg.log) sqlselect a.article_title as title, a.article_content as content, date_format(a.article_date+'', '%Y-%m-NaN %H:%m:%S') as date, a.id as id, a.article_access as access, t.tag_Name as tag, d.admin_Name as name from bzm_article a, bzm_tag t, bzm_admin d where a.article_TagId=t.id and a.article_AdminId=d.id order by date desc limit 0, 1
2013-08-28T13:32:08.941Z <log> log.js:12 (Function.Logg.log) articles[object Object]
2013-08-28T13:36:10.772Z <log> log.js:12 (Function.Logg.log) sqlselect a.article_title as title, a.article_content as content, date_format(a.article_date+'', '%Y-%m-NaN %H:%m:%S') as date, a.id as id, a.article_access as access, t.tag_Name as tag, d.admin_Name as name from bzm_article a, bzm_tag t, bzm_admin d where a.article_TagId=t.id and a.article_AdminId=d.id order by date desc limit 0, 1
2013-08-28T13:36:10.777Z <log> log.js:12 (Function.Logg.log) articles[object Object]
2013-08-28T13:37:19.308Z <log> log.js:12 (Function.Logg.log) sqlselect a.article_title as title, a.article_content as content, date_format(a.article_date+'', '%Y-%m-NaN %H:%m:%S') as date, a.id as id, a.article_access as access, t.tag_Name as tag, d.admin_Name as name from bzm_article a, bzm_tag t, bzm_admin d where a.article_TagId=t.id and a.article_AdminId=d.id order by date desc limit 0, 1
2013-08-28T13:37:19.310Z <log> log.js:12 (Function.Logg.log) articles[object Object]
2013-08-28T13:37:45.431Z <log> log.js:12 (Function.Logg.log) sqlselect a.article_title as title, a.article_content as content, date_format(a.article_date+'', '%Y-%m-NaN %H:%m:%S') as date, a.id as id, a.article_access as access, t.tag_Name as tag, d.admin_Name as name from bzm_article a, bzm_tag t, bzm_admin d where a.article_TagId=t.id and a.article_AdminId=d.id order by date desc limit 0, 1
2013-08-28T13:37:45.432Z <log> log.js:12 (Function.Logg.log) articles[object Object]
2013-08-28T13:39:05.841Z <log> log.js:12 (Function.Logg.log) sqlselect a.article_title as title, a.article_content as content, date_format(a.article_date+'', '%Y-%m-NaN %H:%m:%S') as date, a.id as id, a.article_access as access, t.tag_Name as tag, d.admin_Name as name from bzm_article a, bzm_tag t, bzm_admin d where a.article_TagId=t.id and a.article_AdminId=d.id order by date desc limit 0, 1
2013-08-28T13:39:05.842Z <log> log.js:12 (Function.Logg.log) articles[object Object]
2013-08-28T13:39:49.100Z <log> log.js:12 (Function.Logg.log) sqlselect a.article_title as title, a.article_content as content, date_format(a.article_date+'', '%Y-%m-NaN %H:%m:%S') as date, a.id as id, a.article_access as access, t.tag_Name as tag, d.admin_Name as name from bzm_article a, bzm_tag t, bzm_admin d where a.article_TagId=t.id and a.article_AdminId=d.id order by date desc limit 0, 1
2013-08-28T13:39:49.102Z <log> log.js:12 (Function.Logg.log) articles[object Object]
2013-08-28T13:39:50.810Z <log> log.js:12 (Function.Logg.log) sqlselect a.article_title as title, a.article_content as content, date_format(a.article_date+'', '%Y-%m-NaN %H:%m:%S') as date, a.id as id, a.article_access as access, t.tag_Name as tag, d.admin_Name as name from bzm_article a, bzm_tag t, bzm_admin d where a.article_TagId=t.id and a.article_AdminId=d.id order by date desc limit 0, 1
2013-08-28T13:39:50.816Z <log> log.js:12 (Function.Logg.log) articles[object Object]
2013-08-28T13:39:51.403Z <log> log.js:12 (Function.Logg.log) sqlselect a.article_title as title, a.article_content as content, date_format(a.article_date+'', '%Y-%m-NaN %H:%m:%S') as date, a.id as id, a.article_access as access, t.tag_Name as tag, d.admin_Name as name from bzm_article a, bzm_tag t, bzm_admin d where a.article_TagId=t.id and a.article_AdminId=d.id order by date desc limit 0, 1
2013-08-28T13:39:51.405Z <log> log.js:12 (Function.Logg.log) articles[object Object]
2013-08-28T13:41:29.619Z <log> log.js:12 (Function.Logg.log) sqlselect a.article_title as title, a.article_content as content, date_format(a.article_date+'', '%Y-%m-NaN %H:%m:%S') as date, a.id as id, a.article_access as access, t.tag_Name as tag, d.admin_Name as name from bzm_article a, bzm_tag t, bzm_admin d where a.article_TagId=t.id and a.article_AdminId=d.id order by date desc limit 0, 1
2013-08-28T13:41:29.621Z <log> log.js:12 (Function.Logg.log) articles[object Object]
2013-08-28T13:42:34.856Z <log> log.js:12 (Function.Logg.log) sqlselect a.article_title as title, a.article_content as content, date_format(a.article_date+'', '%Y-%m-NaN %H:%m:%S') as date, a.id as id, a.article_access as access, t.tag_Name as tag, d.admin_Name as name from bzm_article a, bzm_tag t, bzm_admin d where a.article_TagId=t.id and a.article_AdminId=d.id order by date desc limit 0, 1
2013-08-28T13:42:34.859Z <log> log.js:12 (Function.Logg.log) articles[object Object]
2013-08-28T13:43:37.996Z <log> log.js:12 (Function.Logg.log) sqlselect a.article_title as title, a.article_content as content, date_format(a.article_date+'', '%Y-%m-NaN %H:%m:%S') as date, a.id as id, a.article_access as access, t.tag_Name as tag, d.admin_Name as name from bzm_article a, bzm_tag t, bzm_admin d where a.article_TagId=t.id and a.article_AdminId=d.id order by date desc limit 0, 1
2013-08-28T13:43:37.999Z <log> log.js:12 (Function.Logg.log) articles[object Object]
2013-08-28T13:44:36.349Z <log> log.js:12 (Function.Logg.log) sqlselect a.article_title as title, a.article_content as content, date_format(a.article_date+'', '%Y-%m-NaN %H:%m:%S') as date, a.id as id, a.article_access as access, t.tag_Name as tag, d.admin_Name as name from bzm_article a, bzm_tag t, bzm_admin d where a.article_TagId=t.id and a.article_AdminId=d.id order by date desc limit 0, 1
2013-08-28T13:44:36.354Z <log> log.js:12 (Function.Logg.log) articles[object Object]
2013-08-28T13:44:45.664Z <log> log.js:12 (Function.Logg.log) sqlselect a.article_title as title, a.article_content as content, date_format(a.article_date+'', '%Y-%m-NaN %H:%m:%S') as date, a.id as id, a.article_access as access, t.tag_Name as tag, d.admin_Name as name from bzm_article a, bzm_tag t, bzm_admin d where a.article_TagId=t.id and a.article_AdminId=d.id order by date desc limit 0, 1
2013-08-28T13:44:45.671Z <log> log.js:12 (Function.Logg.log) articles[object Object]
2013-08-28T13:44:52.924Z <log> log.js:12 (Function.Logg.log) sqlselect a.article_title as title, a.article_content as content, date_format(a.article_date+'', '%Y-%m-NaN %H:%m:%S') as date, a.id as id, a.article_access as access, t.tag_Name as tag, d.admin_Name as name from bzm_article a, bzm_tag t, bzm_admin d where a.article_TagId=t.id and a.article_AdminId=d.id order by date desc limit 0, 1
2013-08-28T13:44:52.927Z <log> log.js:12 (Function.Logg.log) articles[object Object]
2013-08-28T13:45:02.366Z <log> log.js:12 (Function.Logg.log) sqlselect a.article_title as title, a.article_content as content, date_format(a.article_date+'', '%Y-%m-NaN %H:%m:%S') as date, a.id as id, a.article_access as access, t.tag_Name as tag, d.admin_Name as name from bzm_article a, bzm_tag t, bzm_admin d where a.article_TagId=t.id and a.article_AdminId=d.id order by date desc limit 1, 1
2013-08-28T13:45:02.371Z <log> log.js:12 (Function.Logg.log) articles[object Object]
2013-08-28T13:45:02.373Z <log> log.js:12 (Function.Logg.log) json[object Object]
2013-08-28T13:45:58.319Z <log> log.js:12 (Function.Logg.log) sqlselect a.article_title as title, a.article_content as content, date_format(a.article_date+'', '%Y-%m-NaN %H:%m:%S') as date, a.id as id, a.article_access as access, t.tag_Name as tag, d.admin_Name as name from bzm_article a, bzm_tag t, bzm_admin d where a.article_TagId=t.id and a.article_AdminId=d.id order by date desc limit 0, 1
2013-08-28T13:45:58.326Z <log> log.js:12 (Function.Logg.log) articles[object Object]
2013-08-28T13:46:10.074Z <log> log.js:12 (Function.Logg.log) sqlselect a.article_title as title, a.article_content as content, date_format(a.article_date+'', '%Y-%m-NaN %H:%m:%S') as date, a.id as id, a.article_access as access, t.tag_Name as tag, d.admin_Name as name from bzm_article a, bzm_tag t, bzm_admin d where a.article_TagId=t.id and a.article_AdminId=d.id order by date desc limit 0, 1
2013-08-28T13:46:10.076Z <log> log.js:12 (Function.Logg.log) articles[object Object]
2013-08-28T13:46:25.366Z <log> log.js:12 (Function.Logg.log) sqlselect a.article_title as title, a.article_content as content, date_format(a.article_date+'', '%Y-%m-NaN %H:%m:%S') as date, a.id as id, a.article_access as access, t.tag_Name as tag, d.admin_Name as name from bzm_article a, bzm_tag t, bzm_admin d where a.article_TagId=t.id and a.article_AdminId=d.id order by date desc limit 1, 1
2013-08-28T13:46:25.371Z <log> log.js:12 (Function.Logg.log) articles[object Object]
2013-08-28T13:46:25.373Z <log> log.js:12 (Function.Logg.log) json[object Object]
2013-08-28T13:47:02.583Z <log> log.js:12 (Function.Logg.log) sqlselect a.article_title as title, a.article_content as content, date_format(a.article_date+'', '%Y-%m-NaN %H:%m:%S') as date, a.id as id, a.article_access as access, t.tag_Name as tag, d.admin_Name as name from bzm_article a, bzm_tag t, bzm_admin d where a.article_TagId=t.id and a.article_AdminId=d.id order by date desc limit 0, 1
2013-08-28T13:47:02.589Z <log> log.js:12 (Function.Logg.log) articles[object Object]
2013-08-28T13:47:52.651Z <log> log.js:12 (Function.Logg.log) sqlselect a.article_title as title, a.article_content as content, date_format(a.article_date+'', '%Y-%m-NaN %H:%m:%S') as date, a.id as id, a.article_access as access, t.tag_Name as tag, d.admin_Name as name from bzm_article a, bzm_tag t, bzm_admin d where a.article_TagId=t.id and a.article_AdminId=d.id order by date desc limit 0, 4
2013-08-28T13:47:52.666Z <log> log.js:12 (Function.Logg.log) articles[object Object],[object Object],[object Object],[object Object]
2013-08-28T13:48:42.532Z <log> log.js:12 (Function.Logg.log) sqlselect a.article_title as title, a.article_content as content, date_format(a.article_date+'', '%Y-%m-NaN %H:%m:%S') as date, a.id as id, a.article_access as access, t.tag_Name as tag, d.admin_Name as name from bzm_article a, bzm_tag t, bzm_admin d where a.article_TagId=t.id and a.article_AdminId=d.id order by date desc limit 0, 4
2013-08-28T13:48:42.542Z <log> log.js:12 (Function.Logg.log) articles[object Object],[object Object],[object Object],[object Object]
2013-08-28T13:48:58.829Z <log> log.js:12 (Function.Logg.log) sqlselect a.article_title as title, a.article_content as content, date_format(a.article_date+'', '%Y-%m-NaN %H:%m:%S') as date, a.id as id, a.article_access as access, t.tag_Name as tag, d.admin_Name as name from bzm_article a, bzm_tag t, bzm_admin d where a.article_TagId=t.id and a.article_AdminId=d.id order by date desc limit 0, 10
2013-08-28T13:48:58.844Z <log> log.js:12 (Function.Logg.log) articles[object Object],[object Object],[object Object],[object Object],[object Object],[object Object],[object Object],[object Object],[object Object],[object Object]
2013-08-28T13:55:15.440Z <log> log.js:12 (Function.Logg.log) sqlselect a.article_title as title, a.article_content as content, date_format(a.article_date+'', '%Y-%m-NaN %H:%m:%S') as date, a.id as id, a.article_access as access, t.tag_Name as tag, d.admin_Name as name from bzm_article a, bzm_tag t, bzm_admin d where a.article_TagId=t.id and a.article_AdminId=d.id order by date desc limit 0, 10
2013-08-28T13:55:15.444Z <log> log.js:12 (Function.Logg.log) articles[object Object],[object Object],[object Object],[object Object],[object Object],[object Object],[object Object],[object Object],[object Object],[object Object]
2013-08-28T13:55:39.085Z <log> log.js:12 (Function.Logg.log) sqlselect a.article_title as title, a.article_content as content, date_format(a.article_date+'', '%Y-%m-NaN %H:%m:%S') as date, a.id as id, a.article_access as access, t.tag_Name as tag, d.admin_Name as name from bzm_article a, bzm_tag t, bzm_admin d where a.article_TagId=t.id and a.article_AdminId=d.id order by date desc limit 1, 1
2013-08-28T13:55:39.093Z <log> log.js:12 (Function.Logg.log) articles[object Object]
2013-08-28T13:55:39.096Z <log> log.js:12 (Function.Logg.log) json[object Object]
